<?xml version="1.0" encoding="UTF-8"?>
<!-- Generated by org.testng.reporters.JUnitReportReporter -->
<testsuite skipped="0" hostname="LPT-ARP15-02" name="com.scp.CrudWithTestNG.UserAuthenticationTest" tests="6" failures="0" timestamp="13 Jul 2018 20:52:04 GMT" time="3.341" errors="0">
  <testcase name="test1" time="3.260" classname="com.scp.CrudWithTestNG.UserAuthenticationTest"/>
  <testcase name="test1" time="0.004" classname="com.scp.CrudWithTestNG.UserAuthenticationTest"/>
  <testcase name="test1" time="0.013" classname="com.scp.CrudWithTestNG.UserAuthenticationTest"/>
  <testcase name="test1" time="0.015" classname="com.scp.CrudWithTestNG.UserAuthenticationTest"/>
  <testcase name="test1" time="0.016" classname="com.scp.CrudWithTestNG.UserAuthenticationTest"/>
  <testcase name="test1" time="0.033" classname="com.scp.CrudWithTestNG.UserAuthenticationTest"/>
</testsuite> <!-- com.scp.CrudWithTestNG.UserAuthenticationTest -->
